<?xml version="1.0" encoding="UTF-8"?>
<testsuite xmlns:xsi="http://www.w3.org/2001/XMLSchema-instance" xsi:noNamespaceSchemaLocation="https://maven.apache.org/surefire/maven-surefire-plugin/xsd/surefire-test-report.xsd" name="com.example.AppTest" time="0.052" tests="6" errors="0" skipped="0" failures="0">
  <properties>
[...]
</properties>
  <testcase name="add_twoNumbers_returnsSum" classname="com.example.AppTest" time="0.002"/>
  <testcase name="add_handlesNegatives" classname="com.example.AppTest" time="0"/>
  <testcase name="TestA" classname="com.example.AppTest" time="0"/>
  <testcase name="TestB" classname="com.example.AppTest" time="0"/>
  <testcase name="TestC" classname="com.example.AppTest" time="0"/>
  <testcase name="TestD" classname="com.example.AppTest" time="0.001"/>
</testsuite>